Test H5_LDOUBLE_TO_LONG_SPECIAL Compile succeeded with the following output:
 Change Dir: 'C:/Users/kento/dev/mrd-fork/cpp/vcpkg_installed/vcpkg/blds/hdf5/x64-windows-dbg/CMakeFiles/CMakeTmp'

Run Build Command(s): "C:/Program Files/Microsoft Visual Studio/2022/Professional/Common7/IDE/CommonExtensions/Microsoft/CMake/Ninja/ninja.exe" -v cmTC_5e059
[1/2] C:\PROGRA~1\MIB055~1\2022\PROFES~1\VC\Tools\MSVC\1444~1.352\bin\Hostx64\x64\cl.exe  /nologo   /nologo /DWIN32 /D_WINDOWS /utf-8 /MP  -DH5_LDOUBLE_TO_LONG_SPECIAL_TEST /MDd /Z7 /Ob0 /Od /RTC1  -MDd /showIncludes /FoCMakeFiles\cmTC_5e059.dir\ConversionTests.c.obj /FdCMakeFiles\cmTC_5e059.dir\ /FS -c C:\Users\kento\dev\mrd-fork\cpp\vcpkg_installed\vcpkg\blds\hdf5\src\df5_1.14.6-3417ba69ef.clean\config\cmake\ConversionTests.c
[2/2] C:\WINDOWS\system32\cmd.exe /C "cd . && "C:\Program Files\Microsoft Visual Studio\2022\Professional\Common7\IDE\CommonExtensions\Microsoft\CMake\CMake\bin\cmake.exe" -E vs_link_exe --msvc-ver=1944 --intdir=CMakeFiles\cmTC_5e059.dir --rc=C:\PROGRA~2\WI3CF2~1\10\bin\100261~1.0\x64\rc.exe --mt=C:\PROGRA~2\WI3CF2~1\10\bin\100261~1.0\x64\mt.exe --manifests  -- C:\PROGRA~1\MIB055~1\2022\PROFES~1\VC\Tools\MSVC\1444~1.352\bin\Hostx64\x64\link.exe /nologo CMakeFiles\cmTC_5e059.dir\ConversionTests.c.obj  /out:cmTC_5e059.exe /implib:cmTC_5e059.lib /pdb:cmTC_5e059.pdb /version:0.0 /machine:x64  /nologo    /debug /INCREMENTAL /subsystem:console  kernel32.lib user32.lib gdi32.lib winspool.lib shell32.lib ole32.lib oleaut32.lib uuid.lib comdlg32.lib advapi32.lib && cd ."


Test H5_LDOUBLE_TO_LONG_SPECIAL Run failed with exit code 1 and with the following output:
 
Test H5_LONG_TO_LDOUBLE_SPECIAL Compile succeeded with the following output:
 Change Dir: 'C:/Users/kento/dev/mrd-fork/cpp/vcpkg_installed/vcpkg/blds/hdf5/x64-windows-dbg/CMakeFiles/CMakeTmp'

Run Build Command(s): "C:/Program Files/Microsoft Visual Studio/2022/Professional/Common7/IDE/CommonExtensions/Microsoft/CMake/Ninja/ninja.exe" -v cmTC_40805
[1/2] C:\PROGRA~1\MIB055~1\2022\PROFES~1\VC\Tools\MSVC\1444~1.352\bin\Hostx64\x64\cl.exe  /nologo   /nologo /DWIN32 /D_WINDOWS /utf-8 /MP  -DH5_LONG_TO_LDOUBLE_SPECIAL_TEST /MDd /Z7 /Ob0 /Od /RTC1  -MDd /showIncludes /FoCMakeFiles\cmTC_40805.dir\ConversionTests.c.obj /FdCMakeFiles\cmTC_40805.dir\ /FS -c C:\Users\kento\dev\mrd-fork\cpp\vcpkg_installed\vcpkg\blds\hdf5\src\df5_1.14.6-3417ba69ef.clean\config\cmake\ConversionTests.c
[2/2] C:\WINDOWS\system32\cmd.exe /C "cd . && "C:\Program Files\Microsoft Visual Studio\2022\Professional\Common7\IDE\CommonExtensions\Microsoft\CMake\CMake\bin\cmake.exe" -E vs_link_exe --msvc-ver=1944 --intdir=CMakeFiles\cmTC_40805.dir --rc=C:\PROGRA~2\WI3CF2~1\10\bin\100261~1.0\x64\rc.exe --mt=C:\PROGRA~2\WI3CF2~1\10\bin\100261~1.0\x64\mt.exe --manifests  -- C:\PROGRA~1\MIB055~1\2022\PROFES~1\VC\Tools\MSVC\1444~1.352\bin\Hostx64\x64\link.exe /nologo CMakeFiles\cmTC_40805.dir\ConversionTests.c.obj  /out:cmTC_40805.exe /implib:cmTC_40805.lib /pdb:cmTC_40805.pdb /version:0.0 /machine:x64  /nologo    /debug /INCREMENTAL /subsystem:console  kernel32.lib user32.lib gdi32.lib winspool.lib shell32.lib ole32.lib oleaut32.lib uuid.lib comdlg32.lib advapi32.lib && cd ."


Test H5_LONG_TO_LDOUBLE_SPECIAL Run failed with exit code 1 and with the following output:
 
Test H5_DISABLE_SOME_LDOUBLE_CONV Compile failed with the following output:
 Change Dir: 'C:/Users/kento/dev/mrd-fork/cpp/vcpkg_installed/vcpkg/blds/hdf5/x64-windows-dbg/CMakeFiles/CMakeTmp'

Run Build Command(s): "C:/Program Files/Microsoft Visual Studio/2022/Professional/Common7/IDE/CommonExtensions/Microsoft/CMake/Ninja/ninja.exe" -v cmTC_1e621
[1/2] C:\PROGRA~1\MIB055~1\2022\PROFES~1\VC\Tools\MSVC\1444~1.352\bin\Hostx64\x64\cl.exe  /nologo   /nologo /DWIN32 /D_WINDOWS /utf-8 /MP  -DH5_DISABLE_SOME_LDOUBLE_CONV_TEST /MDd /Z7 /Ob0 /Od /RTC1  -MDd /showIncludes /FoCMakeFiles\cmTC_1e621.dir\ConversionTests.c.obj /FdCMakeFiles\cmTC_1e621.dir\ /FS -c C:\Users\kento\dev\mrd-fork\cpp\vcpkg_installed\vcpkg\blds\hdf5\src\df5_1.14.6-3417ba69ef.clean\config\cmake\ConversionTests.c
C:\Users\kento\dev\mrd-fork\cpp\vcpkg_installed\vcpkg\blds\hdf5\src\df5_1.14.6-3417ba69ef.clean\config\cmake\ConversionTests.c(275): warning C4047: '=': 'FILE *' differs in levels of indirection from 'int'
[2/2] C:\WINDOWS\system32\cmd.exe /C "cd . && "C:\Program Files\Microsoft Visual Studio\2022\Professional\Common7\IDE\CommonExtensions\Microsoft\CMake\CMake\bin\cmake.exe" -E vs_link_exe --msvc-ver=1944 --intdir=CMakeFiles\cmTC_1e621.dir --rc=C:\PROGRA~2\WI3CF2~1\10\bin\100261~1.0\x64\rc.exe --mt=C:\PROGRA~2\WI3CF2~1\10\bin\100261~1.0\x64\mt.exe --manifests  -- C:\PROGRA~1\MIB055~1\2022\PROFES~1\VC\Tools\MSVC\1444~1.352\bin\Hostx64\x64\link.exe /nologo CMakeFiles\cmTC_1e621.dir\ConversionTests.c.obj  /out:cmTC_1e621.exe /implib:cmTC_1e621.lib /pdb:cmTC_1e621.pdb /version:0.0 /machine:x64  /nologo    /debug /INCREMENTAL /subsystem:console  kernel32.lib user32.lib gdi32.lib winspool.lib shell32.lib ole32.lib oleaut32.lib uuid.lib comdlg32.lib advapi32.lib && cd ."
FAILED: cmTC_1e621.exe 
C:\WINDOWS\system32\cmd.exe /C "cd . && "C:\Program Files\Microsoft Visual Studio\2022\Professional\Common7\IDE\CommonExtensions\Microsoft\CMake\CMake\bin\cmake.exe" -E vs_link_exe --msvc-ver=1944 --intdir=CMakeFiles\cmTC_1e621.dir --rc=C:\PROGRA~2\WI3CF2~1\10\bin\100261~1.0\x64\rc.exe --mt=C:\PROGRA~2\WI3CF2~1\10\bin\100261~1.0\x64\mt.exe --manifests  -- C:\PROGRA~1\MIB055~1\2022\PROFES~1\VC\Tools\MSVC\1444~1.352\bin\Hostx64\x64\link.exe /nologo CMakeFiles\cmTC_1e621.dir\ConversionTests.c.obj  /out:cmTC_1e621.exe /implib:cmTC_1e621.lib /pdb:cmTC_1e621.pdb /version:0.0 /machine:x64  /nologo    /debug /INCREMENTAL /subsystem:console  kernel32.lib user32.lib gdi32.lib winspool.lib shell32.lib ole32.lib oleaut32.lib uuid.lib comdlg32.lib advapi32.lib && cd ."
LINK Pass 1: command "C:\PROGRA~1\MIB055~1\2022\PROFES~1\VC\Tools\MSVC\1444~1.352\bin\Hostx64\x64\link.exe /nologo CMakeFiles\cmTC_1e621.dir\ConversionTests.c.obj /out:cmTC_1e621.exe /implib:cmTC_1e621.lib /pdb:cmTC_1e621.pdb /version:0.0 /machine:x64 /nologo /debug /INCREMENTAL /subsystem:console kernel32.lib user32.lib gdi32.lib winspool.lib shell32.lib ole32.lib oleaut32.lib uuid.lib comdlg32.lib advapi32.lib /MANIFEST /MANIFESTFILE:CMakeFiles\cmTC_1e621.dir/intermediate.manifest CMakeFiles\cmTC_1e621.dir/manifest.res" failed (exit code 1120) with the following output:
ConversionTests.c.obj : error LNK2019: unresolved external symbol popen referenced in function main
ConversionTests.c.obj : error LNK2019: unresolved external symbol pclose referenced in function main
cmTC_1e621.exe : fatal error LNK1120: 2 unresolved externals
ninja: build stopped: subcommand failed.


